[INFO] Scanning for projects...
[WARNING] 
[WARNING] Some problems were encountered while building the effective model for com.example:demo:jar:0.0.1-SNAPSHOT
[WARNING] 'dependencies.dependency.(groupId:artifactId:type:classifier)' must be unique: org.springframework.boot:spring-boot-starter-data-jpa:jar -> duplicate declaration of version (?) @ line 69, column 15
[WARNING] 
[WARNING] It is highly recommended to fix these problems because they threaten the stability of your build.
[WARNING] 
[WARNING] For this reason, future Maven versions might no longer support building such malformed projects.
[WARNING] 
[INFO] 
[INFO] --------------------------< com.example:demo >--------------------------
[INFO] Building demo 0.0.1-SNAPSHOT
[INFO] --------------------------------[ jar ]---------------------------------
[INFO] Downloading from mariadb-java: https://mariadb.mirrors.triple-it.nl/mariadb-java-client/org/mariadb/jdbc/mariadb-java-client/10.4.34/mariadb-java-client-10.4.34.pom
[INFO] ------------------------------------------------------------------------
[INFO] BUILD FAILURE
[INFO] ------------------------------------------------------------------------
[INFO] Total time:  0.848 s
[INFO] Finished at: 2024-05-31T16:36:20+09:00
[INFO] ------------------------------------------------------------------------
[ERROR] Failed to execute goal on project demo: Could not resolve dependencies for project com.example:demo:jar:0.0.1-SNAPSHOT: Failed to collect dependencies at org.mariadb.jdbc:mariadb-java-client:jar:10.4.34: Failed to read artifact descriptor for org.mariadb.jdbc:mariadb-java-client:jar:10.4.34: Could not transfer artifact org.mariadb.jdbc:mariadb-java-client:pom:10.4.34 from/to mariadb-java (https://mariadb.mirrors.triple-it.nl/mariadb-java-client): transfer failed for https://mariadb.mirrors.triple-it.nl/mariadb-java-client/org/mariadb/jdbc/mariadb-java-client/10.4.34/mariadb-java-client-10.4.34.pom: Unknown host mariadb.mirrors.triple-it.nl: 이름 혹은 서비스를 알 수 없습니다 -> [Help 1]
[ERROR] 
[ERROR] To see the full stack trace of the errors, re-run Maven with the -e switch.
[ERROR] Re-run Maven using the -X switch to enable full debug logging.
[ERROR] 
[ERROR] For more information about the errors and possible solutions, please read the following articles:
[ERROR] [Help 1] http://cwiki.apache.org/confluence/display/MAVEN/DependencyResolutionException
