03-Jun-2024 09:37:25.204 정보 [main] org.apache.catalina.startup.VersionLoggerListener.log 서버 버전 이름:    Apache Tomcat/10.1.20
03-Jun-2024 09:37:25.249 정보 [main] org.apache.catalina.startup.VersionLoggerListener.log Server 빌드 시각:  Mar 19 2024 12:49:58 UTC
03-Jun-2024 09:37:25.249 정보 [main] org.apache.catalina.startup.VersionLoggerListener.log Server 버전 번호:  10.1.20.0
03-Jun-2024 09:37:25.250 정보 [main] org.apache.catalina.startup.VersionLoggerListener.log 운영체제 이름:     Linux
03-Jun-2024 09:37:25.250 정보 [main] org.apache.catalina.startup.VersionLoggerListener.log 운영체제 버전:     5.14.0-362.24.1.el9_3.0.1.x86_64
03-Jun-2024 09:37:25.250 정보 [main] org.apache.catalina.startup.VersionLoggerListener.log 아키텍처:          amd64
03-Jun-2024 09:37:25.250 정보 [main] org.apache.catalina.startup.VersionLoggerListener.log 자바 홈:           /usr/lib/jvm/java-11-openjdk-11.0.22.0.7-2.el9.x86_64
03-Jun-2024 09:37:25.250 정보 [main] org.apache.catalina.startup.VersionLoggerListener.log JVM 버전:          11.0.22+7-LTS
03-Jun-2024 09:37:25.250 정보 [main] org.apache.catalina.startup.VersionLoggerListener.log JVM 벤더:          Red Hat, Inc.
03-Jun-2024 09:37:25.250 정보 [main] org.apache.catalina.startup.VersionLoggerListener.log CATALINA_BASE:     /opt/tomcat
03-Jun-2024 09:37:25.250 정보 [main] org.apache.catalina.startup.VersionLoggerListener.log CATALINA_HOME:     /opt/tomcat
03-Jun-2024 09:37:25.290 정보 [main] org.apache.catalina.startup.VersionLoggerListener.log 명령 행 아규먼트:  -Djava.util.logging.config.file=/opt/tomcat/conf/logging.properties
03-Jun-2024 09:37:25.290 정보 [main] org.apache.catalina.startup.VersionLoggerListener.log 명령 행 아규먼트:  -Djava.util.logging.manager=org.apache.juli.ClassLoaderLogManager
03-Jun-2024 09:37:25.290 정보 [main] org.apache.catalina.startup.VersionLoggerListener.log 명령 행 아규먼트:  -Djava.awt.headless=true
03-Jun-2024 09:37:25.290 정보 [main] org.apache.catalina.startup.VersionLoggerListener.log 명령 행 아규먼트:  -Djava.security.egd=file:/dev/./urandom
03-Jun-2024 09:37:25.291 정보 [main] org.apache.catalina.startup.VersionLoggerListener.log 명령 행 아규먼트:  -Djdk.tls.ephemeralDHKeySize=2048
03-Jun-2024 09:37:25.291 정보 [main] org.apache.catalina.startup.VersionLoggerListener.log 명령 행 아규먼트:  -Djava.protocol.handler.pkgs=org.apache.catalina.webresources
03-Jun-2024 09:37:25.291 정보 [main] org.apache.catalina.startup.VersionLoggerListener.log 명령 행 아규먼트:  -Dorg.apache.catalina.security.SecurityListener.UMASK=0027
03-Jun-2024 09:37:25.291 정보 [main] org.apache.catalina.startup.VersionLoggerListener.log 명령 행 아규먼트:  --add-opens=java.base/java.lang=ALL-UNNAMED
03-Jun-2024 09:37:25.291 정보 [main] org.apache.catalina.startup.VersionLoggerListener.log 명령 행 아규먼트:  --add-opens=java.base/java.io=ALL-UNNAMED
03-Jun-2024 09:37:25.291 정보 [main] org.apache.catalina.startup.VersionLoggerListener.log 명령 행 아규먼트:  --add-opens=java.base/java.util=ALL-UNNAMED
03-Jun-2024 09:37:25.291 정보 [main] org.apache.catalina.startup.VersionLoggerListener.log 명령 행 아규먼트:  --add-opens=java.base/java.util.concurrent=ALL-UNNAMED
03-Jun-2024 09:37:25.291 정보 [main] org.apache.catalina.startup.VersionLoggerListener.log 명령 행 아규먼트:  --add-opens=java.rmi/sun.rmi.transport=ALL-UNNAMED
03-Jun-2024 09:37:25.291 정보 [main] org.apache.catalina.startup.VersionLoggerListener.log 명령 행 아규먼트:  -Xms512M
03-Jun-2024 09:37:25.291 정보 [main] org.apache.catalina.startup.VersionLoggerListener.log 명령 행 아규먼트:  -Xmx1024M
03-Jun-2024 09:37:25.291 정보 [main] org.apache.catalina.startup.VersionLoggerListener.log 명령 행 아규먼트:  -XX:+UseParallelGC
03-Jun-2024 09:37:25.291 정보 [main] org.apache.catalina.startup.VersionLoggerListener.log 명령 행 아규먼트:  -Dcatalina.base=/opt/tomcat
03-Jun-2024 09:37:25.291 정보 [main] org.apache.catalina.startup.VersionLoggerListener.log 명령 행 아규먼트:  -Dcatalina.home=/opt/tomcat
03-Jun-2024 09:37:25.291 정보 [main] org.apache.catalina.startup.VersionLoggerListener.log 명령 행 아규먼트:  -Djava.io.tmpdir=/opt/tomcat/temp
03-Jun-2024 09:37:25.292 정보 [main] org.apache.catalina.core.AprLifecycleListener.lifecycleEvent 프로덕션 환경들에서 최적의 성능을 제공하는, APR 기반 Apache Tomcat Native 라이브러리가, 다음 java.library.path에서 발견되지 않습니다: [/usr/java/packages/lib:/usr/lib64:/lib64:/lib:/usr/lib]
03-Jun-2024 09:37:26.089 정보 [main] org.apache.coyote.AbstractProtocol.init 프로토콜 핸들러 ["http-nio-8080"]을(를) 초기화합니다.
03-Jun-2024 09:37:26.204 정보 [main] org.apache.catalina.startup.Catalina.load [1706] 밀리초 내에 서버가 초기화되었습니다.
03-Jun-2024 09:37:26.317 정보 [main] org.apache.catalina.core.StandardService.startInternal 서비스 [Catalina]을(를) 시작합니다.
03-Jun-2024 09:37:26.318 정보 [main] org.apache.catalina.core.StandardEngine.startInternal 서버 엔진을 시작합니다: [Apache Tomcat/10.1.20]
03-Jun-2024 09:37:26.331 심각 [main] org.apache.catalina.startup.HostConfig.beforeStart 배치를 위한 디렉토리 [/opt/tomcat/conf/Catalina/localhost]을(를) 생성할 수 없습니다.
03-Jun-2024 09:37:26.356 정보 [main] org.apache.catalina.startup.HostConfig.deployDirectory 웹 애플리케이션 디렉토리 [/opt/tomcat/webapps/ROOT]을(를) 배치합니다.
03-Jun-2024 09:37:28.321 정보 [main] org.apache.jasper.servlet.TldScanner.scanJars 적어도 하나의 JAR가 TLD들을 찾기 위해 스캔되었으나 아무 것도 찾지 못했습니다. 스캔했으나 TLD가 없는 JAR들의 전체 목록을 보시려면, 로그 레벨을 디버그 레벨로 설정하십시오. 스캔 과정에서 불필요한 JAR들을 건너뛰면, 시스템 시작 시간과 JSP 컴파일 시간을 단축시킬 수 있습니다.
03-Jun-2024 09:37:28.430 정보 [main] org.apache.catalina.startup.HostConfig.deployDirectory 웹 애플리케이션 디렉토리 [/opt/tomcat/webapps/ROOT]에 대한 배치가 [2,068] 밀리초에 완료되었습니다.
03-Jun-2024 09:37:28.431 정보 [main] org.apache.catalina.startup.HostConfig.deployDirectory 웹 애플리케이션 디렉토리 [/opt/tomcat/webapps/docs]을(를) 배치합니다.
03-Jun-2024 09:37:28.637 정보 [main] org.apache.jasper.servlet.TldScanner.scanJars 적어도 하나의 JAR가 TLD들을 찾기 위해 스캔되었으나 아무 것도 찾지 못했습니다. 스캔했으나 TLD가 없는 JAR들의 전체 목록을 보시려면, 로그 레벨을 디버그 레벨로 설정하십시오. 스캔 과정에서 불필요한 JAR들을 건너뛰면, 시스템 시작 시간과 JSP 컴파일 시간을 단축시킬 수 있습니다.
03-Jun-2024 09:37:28.638 정보 [main] org.apache.catalina.startup.HostConfig.deployDirectory 웹 애플리케이션 디렉토리 [/opt/tomcat/webapps/docs]에 대한 배치가 [207] 밀리초에 완료되었습니다.
03-Jun-2024 09:37:28.638 정보 [main] org.apache.catalina.startup.HostConfig.deployDirectory 웹 애플리케이션 디렉토리 [/opt/tomcat/webapps/examples]을(를) 배치합니다.
03-Jun-2024 09:37:28.912 정보 [main] org.apache.jasper.servlet.TldScanner.scanJars 적어도 하나의 JAR가 TLD들을 찾기 위해 스캔되었으나 아무 것도 찾지 못했습니다. 스캔했으나 TLD가 없는 JAR들의 전체 목록을 보시려면, 로그 레벨을 디버그 레벨로 설정하십시오. 스캔 과정에서 불필요한 JAR들을 건너뛰면, 시스템 시작 시간과 JSP 컴파일 시간을 단축시킬 수 있습니다.
03-Jun-2024 09:37:28.937 정보 [main] org.apache.catalina.startup.HostConfig.deployDirectory 웹 애플리케이션 디렉토리 [/opt/tomcat/webapps/examples]에 대한 배치가 [299] 밀리초에 완료되었습니다.
03-Jun-2024 09:37:28.937 정보 [main] org.apache.catalina.startup.HostConfig.deployDirectory 웹 애플리케이션 디렉토리 [/opt/tomcat/webapps/host-manager]을(를) 배치합니다.
03-Jun-2024 09:37:29.083 정보 [main] org.apache.jasper.servlet.TldScanner.scanJars 적어도 하나의 JAR가 TLD들을 찾기 위해 스캔되었으나 아무 것도 찾지 못했습니다. 스캔했으나 TLD가 없는 JAR들의 전체 목록을 보시려면, 로그 레벨을 디버그 레벨로 설정하십시오. 스캔 과정에서 불필요한 JAR들을 건너뛰면, 시스템 시작 시간과 JSP 컴파일 시간을 단축시킬 수 있습니다.
03-Jun-2024 09:37:29.089 정보 [main] org.apache.catalina.startup.HostConfig.deployDirectory 웹 애플리케이션 디렉토리 [/opt/tomcat/webapps/host-manager]에 대한 배치가 [152] 밀리초에 완료되었습니다.
03-Jun-2024 09:37:29.090 정보 [main] org.apache.catalina.startup.HostConfig.deployDirectory 웹 애플리케이션 디렉토리 [/opt/tomcat/webapps/manager]을(를) 배치합니다.
03-Jun-2024 09:37:29.360 정보 [main] org.apache.jasper.servlet.TldScanner.scanJars 적어도 하나의 JAR가 TLD들을 찾기 위해 스캔되었으나 아무 것도 찾지 못했습니다. 스캔했으나 TLD가 없는 JAR들의 전체 목록을 보시려면, 로그 레벨을 디버그 레벨로 설정하십시오. 스캔 과정에서 불필요한 JAR들을 건너뛰면, 시스템 시작 시간과 JSP 컴파일 시간을 단축시킬 수 있습니다.
03-Jun-2024 09:37:29.363 정보 [main] org.apache.catalina.startup.HostConfig.deployDirectory 웹 애플리케이션 디렉토리 [/opt/tomcat/webapps/manager]에 대한 배치가 [273] 밀리초에 완료되었습니다.
03-Jun-2024 09:37:29.364 정보 [main] org.apache.catalina.startup.HostConfig.deployDirectory 웹 애플리케이션 디렉토리 [/opt/tomcat/webapps/demo]을(를) 배치합니다.
03-Jun-2024 09:37:29.718 정보 [main] org.apache.jasper.servlet.TldScanner.scanJars 적어도 하나의 JAR가 TLD들을 찾기 위해 스캔되었으나 아무 것도 찾지 못했습니다. 스캔했으나 TLD가 없는 JAR들의 전체 목록을 보시려면, 로그 레벨을 디버그 레벨로 설정하십시오. 스캔 과정에서 불필요한 JAR들을 건너뛰면, 시스템 시작 시간과 JSP 컴파일 시간을 단축시킬 수 있습니다.
03-Jun-2024 09:37:29.726 정보 [main] org.apache.catalina.startup.HostConfig.deployDirectory 웹 애플리케이션 디렉토리 [/opt/tomcat/webapps/demo]에 대한 배치가 [362] 밀리초에 완료되었습니다.
03-Jun-2024 09:37:29.730 정보 [main] org.apache.coyote.AbstractProtocol.start 프로토콜 핸들러 ["http-nio-8080"]을(를) 시작합니다.
03-Jun-2024 09:37:29.801 정보 [main] org.apache.catalina.startup.Catalina.start 서버가 [3596] 밀리초 내에 시작되었습니다.
03-Jun-2024 09:45:38.234 정보 [main] org.apache.catalina.core.StandardServer.await 셧다운 포트를 통해 유효한 셧다운 명령을 받았습니다. 서버 인스턴스를 중지시킵니다.
03-Jun-2024 09:45:38.234 정보 [main] org.apache.coyote.AbstractProtocol.pause 프로토콜 핸들러 ["http-nio-8080"]을(를) 일시 정지 중
03-Jun-2024 09:45:38.238 정보 [main] org.apache.catalina.core.StandardService.stopInternal 서비스 [Catalina]을(를) 중지시킵니다.
03-Jun-2024 09:45:38.266 정보 [main] org.apache.coyote.AbstractProtocol.stop 프로토콜 핸들러 ["http-nio-8080"]을(를) 중지시킵니다.
03-Jun-2024 09:45:38.274 정보 [main] org.apache.coyote.AbstractProtocol.destroy 프로토콜 핸들러 ["http-nio-8080"]을(를) 소멸시킵니다.
03-Jun-2024 10:04:24.653 정보 [main] org.apache.catalina.startup.VersionLoggerListener.log 서버 버전 이름:    Apache Tomcat/10.1.20
03-Jun-2024 10:04:24.665 정보 [main] org.apache.catalina.startup.VersionLoggerListener.log Server 빌드 시각:  Mar 19 2024 12:49:58 UTC
03-Jun-2024 10:04:24.665 정보 [main] org.apache.catalina.startup.VersionLoggerListener.log Server 버전 번호:  10.1.20.0
03-Jun-2024 10:04:24.665 정보 [main] org.apache.catalina.startup.VersionLoggerListener.log 운영체제 이름:     Linux
03-Jun-2024 10:04:24.665 정보 [main] org.apache.catalina.startup.VersionLoggerListener.log 운영체제 버전:     5.14.0-362.24.1.el9_3.0.1.x86_64
03-Jun-2024 10:04:24.665 정보 [main] org.apache.catalina.startup.VersionLoggerListener.log 아키텍처:          amd64
03-Jun-2024 10:04:24.666 정보 [main] org.apache.catalina.startup.VersionLoggerListener.log 자바 홈:           /usr/lib/jvm/java-11-openjdk-11.0.22.0.7-2.el9.x86_64
03-Jun-2024 10:04:24.666 정보 [main] org.apache.catalina.startup.VersionLoggerListener.log JVM 버전:          11.0.22+7-LTS
03-Jun-2024 10:04:24.666 정보 [main] org.apache.catalina.startup.VersionLoggerListener.log JVM 벤더:          Red Hat, Inc.
03-Jun-2024 10:04:24.666 정보 [main] org.apache.catalina.startup.VersionLoggerListener.log CATALINA_BASE:     /opt/tomcat
03-Jun-2024 10:04:24.666 정보 [main] org.apache.catalina.startup.VersionLoggerListener.log CATALINA_HOME:     /opt/tomcat
03-Jun-2024 10:04:24.721 정보 [main] org.apache.catalina.startup.VersionLoggerListener.log 명령 행 아규먼트:  -Djava.util.logging.config.file=/opt/tomcat/conf/logging.properties
03-Jun-2024 10:04:24.722 정보 [main] org.apache.catalina.startup.VersionLoggerListener.log 명령 행 아규먼트:  -Djava.util.logging.manager=org.apache.juli.ClassLoaderLogManager
03-Jun-2024 10:04:24.722 정보 [main] org.apache.catalina.startup.VersionLoggerListener.log 명령 행 아규먼트:  -Djava.awt.headless=true
03-Jun-2024 10:04:24.722 정보 [main] org.apache.catalina.startup.VersionLoggerListener.log 명령 행 아규먼트:  -Djava.security.egd=file:/dev/./urandom
03-Jun-2024 10:04:24.722 정보 [main] org.apache.catalina.startup.VersionLoggerListener.log 명령 행 아규먼트:  -Djdk.tls.ephemeralDHKeySize=2048
03-Jun-2024 10:04:24.722 정보 [main] org.apache.catalina.startup.VersionLoggerListener.log 명령 행 아규먼트:  -Djava.protocol.handler.pkgs=org.apache.catalina.webresources
03-Jun-2024 10:04:24.722 정보 [main] org.apache.catalina.startup.VersionLoggerListener.log 명령 행 아규먼트:  -Dorg.apache.catalina.security.SecurityListener.UMASK=0027
03-Jun-2024 10:04:24.722 정보 [main] org.apache.catalina.startup.VersionLoggerListener.log 명령 행 아규먼트:  --add-opens=java.base/java.lang=ALL-UNNAMED
03-Jun-2024 10:04:24.722 정보 [main] org.apache.catalina.startup.VersionLoggerListener.log 명령 행 아규먼트:  --add-opens=java.base/java.io=ALL-UNNAMED
03-Jun-2024 10:04:24.722 정보 [main] org.apache.catalina.startup.VersionLoggerListener.log 명령 행 아규먼트:  --add-opens=java.base/java.util=ALL-UNNAMED
03-Jun-2024 10:04:24.722 정보 [main] org.apache.catalina.startup.VersionLoggerListener.log 명령 행 아규먼트:  --add-opens=java.base/java.util.concurrent=ALL-UNNAMED
03-Jun-2024 10:04:24.722 정보 [main] org.apache.catalina.startup.VersionLoggerListener.log 명령 행 아규먼트:  --add-opens=java.rmi/sun.rmi.transport=ALL-UNNAMED
03-Jun-2024 10:04:24.722 정보 [main] org.apache.catalina.startup.VersionLoggerListener.log 명령 행 아규먼트:  -Xms512M
03-Jun-2024 10:04:24.722 정보 [main] org.apache.catalina.startup.VersionLoggerListener.log 명령 행 아규먼트:  -Xmx1024M
03-Jun-2024 10:04:24.723 정보 [main] org.apache.catalina.startup.VersionLoggerListener.log 명령 행 아규먼트:  -XX:+UseParallelGC
03-Jun-2024 10:04:24.723 정보 [main] org.apache.catalina.startup.VersionLoggerListener.log 명령 행 아규먼트:  -Dcatalina.base=/opt/tomcat
03-Jun-2024 10:04:24.723 정보 [main] org.apache.catalina.startup.VersionLoggerListener.log 명령 행 아규먼트:  -Dcatalina.home=/opt/tomcat
03-Jun-2024 10:04:24.723 정보 [main] org.apache.catalina.startup.VersionLoggerListener.log 명령 행 아규먼트:  -Djava.io.tmpdir=/opt/tomcat/temp
03-Jun-2024 10:04:24.724 정보 [main] org.apache.catalina.core.AprLifecycleListener.lifecycleEvent 프로덕션 환경들에서 최적의 성능을 제공하는, APR 기반 Apache Tomcat Native 라이브러리가, 다음 java.library.path에서 발견되지 않습니다: [/usr/java/packages/lib:/usr/lib64:/lib64:/lib:/usr/lib]
03-Jun-2024 10:04:25.348 정보 [main] org.apache.coyote.AbstractProtocol.init 프로토콜 핸들러 ["http-nio-8080"]을(를) 초기화합니다.
03-Jun-2024 10:04:25.398 정보 [main] org.apache.catalina.startup.Catalina.load [1396] 밀리초 내에 서버가 초기화되었습니다.
03-Jun-2024 10:04:25.510 정보 [main] org.apache.catalina.core.StandardService.startInternal 서비스 [Catalina]을(를) 시작합니다.
03-Jun-2024 10:04:25.510 정보 [main] org.apache.catalina.core.StandardEngine.startInternal 서버 엔진을 시작합니다: [Apache Tomcat/10.1.20]
03-Jun-2024 10:04:25.523 심각 [main] org.apache.catalina.startup.HostConfig.beforeStart 배치를 위한 디렉토리 [/opt/tomcat/conf/Catalina/localhost]을(를) 생성할 수 없습니다.
03-Jun-2024 10:04:25.528 정보 [main] org.apache.catalina.startup.HostConfig.deployDirectory 웹 애플리케이션 디렉토리 [/opt/tomcat/webapps/ROOT]을(를) 배치합니다.
03-Jun-2024 10:04:27.176 정보 [main] org.apache.jasper.servlet.TldScanner.scanJars 적어도 하나의 JAR가 TLD들을 찾기 위해 스캔되었으나 아무 것도 찾지 못했습니다. 스캔했으나 TLD가 없는 JAR들의 전체 목록을 보시려면, 로그 레벨을 디버그 레벨로 설정하십시오. 스캔 과정에서 불필요한 JAR들을 건너뛰면, 시스템 시작 시간과 JSP 컴파일 시간을 단축시킬 수 있습니다.
03-Jun-2024 10:04:27.297 정보 [main] org.apache.catalina.startup.HostConfig.deployDirectory 웹 애플리케이션 디렉토리 [/opt/tomcat/webapps/ROOT]에 대한 배치가 [1,759] 밀리초에 완료되었습니다.
03-Jun-2024 10:04:27.297 정보 [main] org.apache.catalina.startup.HostConfig.deployDirectory 웹 애플리케이션 디렉토리 [/opt/tomcat/webapps/docs]을(를) 배치합니다.
03-Jun-2024 10:04:27.644 정보 [main] org.apache.jasper.servlet.TldScanner.scanJars 적어도 하나의 JAR가 TLD들을 찾기 위해 스캔되었으나 아무 것도 찾지 못했습니다. 스캔했으나 TLD가 없는 JAR들의 전체 목록을 보시려면, 로그 레벨을 디버그 레벨로 설정하십시오. 스캔 과정에서 불필요한 JAR들을 건너뛰면, 시스템 시작 시간과 JSP 컴파일 시간을 단축시킬 수 있습니다.
03-Jun-2024 10:04:27.648 정보 [main] org.apache.catalina.startup.HostConfig.deployDirectory 웹 애플리케이션 디렉토리 [/opt/tomcat/webapps/docs]에 대한 배치가 [351] 밀리초에 완료되었습니다.
03-Jun-2024 10:04:27.649 정보 [main] org.apache.catalina.startup.HostConfig.deployDirectory 웹 애플리케이션 디렉토리 [/opt/tomcat/webapps/examples]을(를) 배치합니다.
03-Jun-2024 10:04:28.267 정보 [main] org.apache.jasper.servlet.TldScanner.scanJars 적어도 하나의 JAR가 TLD들을 찾기 위해 스캔되었으나 아무 것도 찾지 못했습니다. 스캔했으나 TLD가 없는 JAR들의 전체 목록을 보시려면, 로그 레벨을 디버그 레벨로 설정하십시오. 스캔 과정에서 불필요한 JAR들을 건너뛰면, 시스템 시작 시간과 JSP 컴파일 시간을 단축시킬 수 있습니다.
03-Jun-2024 10:04:28.328 정보 [main] org.apache.catalina.startup.HostConfig.deployDirectory 웹 애플리케이션 디렉토리 [/opt/tomcat/webapps/examples]에 대한 배치가 [679] 밀리초에 완료되었습니다.
03-Jun-2024 10:04:28.329 정보 [main] org.apache.catalina.startup.HostConfig.deployDirectory 웹 애플리케이션 디렉토리 [/opt/tomcat/webapps/host-manager]을(를) 배치합니다.
03-Jun-2024 10:04:28.478 정보 [main] org.apache.jasper.servlet.TldScanner.scanJars 적어도 하나의 JAR가 TLD들을 찾기 위해 스캔되었으나 아무 것도 찾지 못했습니다. 스캔했으나 TLD가 없는 JAR들의 전체 목록을 보시려면, 로그 레벨을 디버그 레벨로 설정하십시오. 스캔 과정에서 불필요한 JAR들을 건너뛰면, 시스템 시작 시간과 JSP 컴파일 시간을 단축시킬 수 있습니다.
03-Jun-2024 10:04:28.485 정보 [main] org.apache.catalina.startup.HostConfig.deployDirectory 웹 애플리케이션 디렉토리 [/opt/tomcat/webapps/host-manager]에 대한 배치가 [156] 밀리초에 완료되었습니다.
03-Jun-2024 10:04:28.486 정보 [main] org.apache.catalina.startup.HostConfig.deployDirectory 웹 애플리케이션 디렉토리 [/opt/tomcat/webapps/manager]을(를) 배치합니다.
03-Jun-2024 10:04:28.671 정보 [main] org.apache.jasper.servlet.TldScanner.scanJars 적어도 하나의 JAR가 TLD들을 찾기 위해 스캔되었으나 아무 것도 찾지 못했습니다. 스캔했으나 TLD가 없는 JAR들의 전체 목록을 보시려면, 로그 레벨을 디버그 레벨로 설정하십시오. 스캔 과정에서 불필요한 JAR들을 건너뛰면, 시스템 시작 시간과 JSP 컴파일 시간을 단축시킬 수 있습니다.
03-Jun-2024 10:04:28.674 정보 [main] org.apache.catalina.startup.HostConfig.deployDirectory 웹 애플리케이션 디렉토리 [/opt/tomcat/webapps/manager]에 대한 배치가 [188] 밀리초에 완료되었습니다.
03-Jun-2024 10:04:28.674 정보 [main] org.apache.catalina.startup.HostConfig.deployDirectory 웹 애플리케이션 디렉토리 [/opt/tomcat/webapps/demo]을(를) 배치합니다.
03-Jun-2024 10:04:28.963 정보 [main] org.apache.jasper.servlet.TldScanner.scanJars 적어도 하나의 JAR가 TLD들을 찾기 위해 스캔되었으나 아무 것도 찾지 못했습니다. 스캔했으나 TLD가 없는 JAR들의 전체 목록을 보시려면, 로그 레벨을 디버그 레벨로 설정하십시오. 스캔 과정에서 불필요한 JAR들을 건너뛰면, 시스템 시작 시간과 JSP 컴파일 시간을 단축시킬 수 있습니다.
03-Jun-2024 10:04:28.971 정보 [main] org.apache.catalina.startup.HostConfig.deployDirectory 웹 애플리케이션 디렉토리 [/opt/tomcat/webapps/demo]에 대한 배치가 [297] 밀리초에 완료되었습니다.
03-Jun-2024 10:04:28.974 정보 [main] org.apache.coyote.AbstractProtocol.start 프로토콜 핸들러 ["http-nio-8080"]을(를) 시작합니다.
03-Jun-2024 10:04:29.040 정보 [main] org.apache.catalina.startup.Catalina.start 서버가 [3641] 밀리초 내에 시작되었습니다.
03-Jun-2024 10:04:40.738 정보 [main] org.apache.catalina.core.StandardServer.await 셧다운 포트를 통해 유효한 셧다운 명령을 받았습니다. 서버 인스턴스를 중지시킵니다.
03-Jun-2024 10:04:40.739 정보 [main] org.apache.coyote.AbstractProtocol.pause 프로토콜 핸들러 ["http-nio-8080"]을(를) 일시 정지 중
03-Jun-2024 10:04:40.744 정보 [main] org.apache.catalina.core.StandardService.stopInternal 서비스 [Catalina]을(를) 중지시킵니다.
03-Jun-2024 10:04:40.792 정보 [main] org.apache.coyote.AbstractProtocol.stop 프로토콜 핸들러 ["http-nio-8080"]을(를) 중지시킵니다.
03-Jun-2024 10:04:40.799 정보 [main] org.apache.coyote.AbstractProtocol.destroy 프로토콜 핸들러 ["http-nio-8080"]을(를) 소멸시킵니다.
03-Jun-2024 14:37:06.311 정보 [main] org.apache.catalina.startup.VersionLoggerListener.log 서버 버전 이름:    Apache Tomcat/10.1.20
03-Jun-2024 14:37:06.325 정보 [main] org.apache.catalina.startup.VersionLoggerListener.log Server 빌드 시각:  Mar 19 2024 12:49:58 UTC
03-Jun-2024 14:37:06.325 정보 [main] org.apache.catalina.startup.VersionLoggerListener.log Server 버전 번호:  10.1.20.0
03-Jun-2024 14:37:06.326 정보 [main] org.apache.catalina.startup.VersionLoggerListener.log 운영체제 이름:     Linux
03-Jun-2024 14:37:06.326 정보 [main] org.apache.catalina.startup.VersionLoggerListener.log 운영체제 버전:     5.14.0-362.24.1.el9_3.0.1.x86_64
03-Jun-2024 14:37:06.326 정보 [main] org.apache.catalina.startup.VersionLoggerListener.log 아키텍처:          amd64
03-Jun-2024 14:37:06.326 정보 [main] org.apache.catalina.startup.VersionLoggerListener.log 자바 홈:           /usr/lib/jvm/java-11-openjdk-11.0.22.0.7-2.el9.x86_64
03-Jun-2024 14:37:06.327 정보 [main] org.apache.catalina.startup.VersionLoggerListener.log JVM 버전:          11.0.22+7-LTS
03-Jun-2024 14:37:06.327 정보 [main] org.apache.catalina.startup.VersionLoggerListener.log JVM 벤더:          Red Hat, Inc.
03-Jun-2024 14:37:06.327 정보 [main] org.apache.catalina.startup.VersionLoggerListener.log CATALINA_BASE:     /opt/tomcat
03-Jun-2024 14:37:06.327 정보 [main] org.apache.catalina.startup.VersionLoggerListener.log CATALINA_HOME:     /opt/tomcat
03-Jun-2024 14:37:06.421 정보 [main] org.apache.catalina.startup.VersionLoggerListener.log 명령 행 아규먼트:  -Djava.util.logging.config.file=/opt/tomcat/conf/logging.properties
03-Jun-2024 14:37:06.421 정보 [main] org.apache.catalina.startup.VersionLoggerListener.log 명령 행 아규먼트:  -Djava.util.logging.manager=org.apache.juli.ClassLoaderLogManager
03-Jun-2024 14:37:06.422 정보 [main] org.apache.catalina.startup.VersionLoggerListener.log 명령 행 아규먼트:  -Djava.awt.headless=true
03-Jun-2024 14:37:06.422 정보 [main] org.apache.catalina.startup.VersionLoggerListener.log 명령 행 아규먼트:  -Djava.security.egd=file:/dev/./urandom
03-Jun-2024 14:37:06.422 정보 [main] org.apache.catalina.startup.VersionLoggerListener.log 명령 행 아규먼트:  -Djdk.tls.ephemeralDHKeySize=2048
03-Jun-2024 14:37:06.422 정보 [main] org.apache.catalina.startup.VersionLoggerListener.log 명령 행 아규먼트:  -Djava.protocol.handler.pkgs=org.apache.catalina.webresources
03-Jun-2024 14:37:06.422 정보 [main] org.apache.catalina.startup.VersionLoggerListener.log 명령 행 아규먼트:  -Dorg.apache.catalina.security.SecurityListener.UMASK=0027
03-Jun-2024 14:37:06.423 정보 [main] org.apache.catalina.startup.VersionLoggerListener.log 명령 행 아규먼트:  --add-opens=java.base/java.lang=ALL-UNNAMED
03-Jun-2024 14:37:06.423 정보 [main] org.apache.catalina.startup.VersionLoggerListener.log 명령 행 아규먼트:  --add-opens=java.base/java.io=ALL-UNNAMED
03-Jun-2024 14:37:06.423 정보 [main] org.apache.catalina.startup.VersionLoggerListener.log 명령 행 아규먼트:  --add-opens=java.base/java.util=ALL-UNNAMED
03-Jun-2024 14:37:06.423 정보 [main] org.apache.catalina.startup.VersionLoggerListener.log 명령 행 아규먼트:  --add-opens=java.base/java.util.concurrent=ALL-UNNAMED
03-Jun-2024 14:37:06.423 정보 [main] org.apache.catalina.startup.VersionLoggerListener.log 명령 행 아규먼트:  --add-opens=java.rmi/sun.rmi.transport=ALL-UNNAMED
03-Jun-2024 14:37:06.423 정보 [main] org.apache.catalina.startup.VersionLoggerListener.log 명령 행 아규먼트:  -Xms512M
03-Jun-2024 14:37:06.429 정보 [main] org.apache.catalina.startup.VersionLoggerListener.log 명령 행 아규먼트:  -Xmx1024M
03-Jun-2024 14:37:06.432 정보 [main] org.apache.catalina.startup.VersionLoggerListener.log 명령 행 아규먼트:  -XX:+UseParallelGC
03-Jun-2024 14:37:06.432 정보 [main] org.apache.catalina.startup.VersionLoggerListener.log 명령 행 아규먼트:  -Dcatalina.base=/opt/tomcat
03-Jun-2024 14:37:06.432 정보 [main] org.apache.catalina.startup.VersionLoggerListener.log 명령 행 아규먼트:  -Dcatalina.home=/opt/tomcat
03-Jun-2024 14:37:06.432 정보 [main] org.apache.catalina.startup.VersionLoggerListener.log 명령 행 아규먼트:  -Djava.io.tmpdir=/opt/tomcat/temp
03-Jun-2024 14:37:06.439 정보 [main] org.apache.catalina.core.AprLifecycleListener.lifecycleEvent 프로덕션 환경들에서 최적의 성능을 제공하는, APR 기반 Apache Tomcat Native 라이브러리가, 다음 java.library.path에서 발견되지 않습니다: [/usr/java/packages/lib:/usr/lib64:/lib64:/lib:/usr/lib]
03-Jun-2024 14:37:07.400 정보 [main] org.apache.coyote.AbstractProtocol.init 프로토콜 핸들러 ["http-nio-8080"]을(를) 초기화합니다.
03-Jun-2024 14:37:07.482 정보 [main] org.apache.catalina.startup.Catalina.load [2179] 밀리초 내에 서버가 초기화되었습니다.
03-Jun-2024 14:37:07.610 정보 [main] org.apache.catalina.core.StandardService.startInternal 서비스 [Catalina]을(를) 시작합니다.
03-Jun-2024 14:37:07.611 정보 [main] org.apache.catalina.core.StandardEngine.startInternal 서버 엔진을 시작합니다: [Apache Tomcat/10.1.20]
03-Jun-2024 14:37:07.624 심각 [main] org.apache.catalina.startup.HostConfig.beforeStart 배치를 위한 디렉토리 [/opt/tomcat/conf/Catalina/localhost]을(를) 생성할 수 없습니다.
03-Jun-2024 14:37:07.638 정보 [main] org.apache.catalina.startup.HostConfig.deployDirectory 웹 애플리케이션 디렉토리 [/opt/tomcat/webapps/ROOT]을(를) 배치합니다.
03-Jun-2024 14:37:10.406 정보 [main] org.apache.jasper.servlet.TldScanner.scanJars 적어도 하나의 JAR가 TLD들을 찾기 위해 스캔되었으나 아무 것도 찾지 못했습니다. 스캔했으나 TLD가 없는 JAR들의 전체 목록을 보시려면, 로그 레벨을 디버그 레벨로 설정하십시오. 스캔 과정에서 불필요한 JAR들을 건너뛰면, 시스템 시작 시간과 JSP 컴파일 시간을 단축시킬 수 있습니다.
03-Jun-2024 14:37:10.635 정보 [main] org.apache.catalina.startup.HostConfig.deployDirectory 웹 애플리케이션 디렉토리 [/opt/tomcat/webapps/ROOT]에 대한 배치가 [2,985] 밀리초에 완료되었습니다.
03-Jun-2024 14:37:10.636 정보 [main] org.apache.catalina.startup.HostConfig.deployDirectory 웹 애플리케이션 디렉토리 [/opt/tomcat/webapps/docs]을(를) 배치합니다.
03-Jun-2024 14:37:10.986 정보 [main] org.apache.jasper.servlet.TldScanner.scanJars 적어도 하나의 JAR가 TLD들을 찾기 위해 스캔되었으나 아무 것도 찾지 못했습니다. 스캔했으나 TLD가 없는 JAR들의 전체 목록을 보시려면, 로그 레벨을 디버그 레벨로 설정하십시오. 스캔 과정에서 불필요한 JAR들을 건너뛰면, 시스템 시작 시간과 JSP 컴파일 시간을 단축시킬 수 있습니다.
03-Jun-2024 14:37:10.988 정보 [main] org.apache.catalina.startup.HostConfig.deployDirectory 웹 애플리케이션 디렉토리 [/opt/tomcat/webapps/docs]에 대한 배치가 [352] 밀리초에 완료되었습니다.
03-Jun-2024 14:37:10.990 정보 [main] org.apache.catalina.startup.HostConfig.deployDirectory 웹 애플리케이션 디렉토리 [/opt/tomcat/webapps/examples]을(를) 배치합니다.
03-Jun-2024 14:37:12.108 정보 [main] org.apache.jasper.servlet.TldScanner.scanJars 적어도 하나의 JAR가 TLD들을 찾기 위해 스캔되었으나 아무 것도 찾지 못했습니다. 스캔했으나 TLD가 없는 JAR들의 전체 목록을 보시려면, 로그 레벨을 디버그 레벨로 설정하십시오. 스캔 과정에서 불필요한 JAR들을 건너뛰면, 시스템 시작 시간과 JSP 컴파일 시간을 단축시킬 수 있습니다.
03-Jun-2024 14:37:12.212 정보 [main] org.apache.catalina.startup.HostConfig.deployDirectory 웹 애플리케이션 디렉토리 [/opt/tomcat/webapps/examples]에 대한 배치가 [1,222] 밀리초에 완료되었습니다.
03-Jun-2024 14:37:12.219 정보 [main] org.apache.catalina.startup.HostConfig.deployDirectory 웹 애플리케이션 디렉토리 [/opt/tomcat/webapps/host-manager]을(를) 배치합니다.
03-Jun-2024 14:37:12.553 정보 [main] org.apache.jasper.servlet.TldScanner.scanJars 적어도 하나의 JAR가 TLD들을 찾기 위해 스캔되었으나 아무 것도 찾지 못했습니다. 스캔했으나 TLD가 없는 JAR들의 전체 목록을 보시려면, 로그 레벨을 디버그 레벨로 설정하십시오. 스캔 과정에서 불필요한 JAR들을 건너뛰면, 시스템 시작 시간과 JSP 컴파일 시간을 단축시킬 수 있습니다.
03-Jun-2024 14:37:12.561 정보 [main] org.apache.catalina.startup.HostConfig.deployDirectory 웹 애플리케이션 디렉토리 [/opt/tomcat/webapps/host-manager]에 대한 배치가 [341] 밀리초에 완료되었습니다.
03-Jun-2024 14:37:12.561 정보 [main] org.apache.catalina.startup.HostConfig.deployDirectory 웹 애플리케이션 디렉토리 [/opt/tomcat/webapps/manager]을(를) 배치합니다.
03-Jun-2024 14:37:12.815 정보 [main] org.apache.jasper.servlet.TldScanner.scanJars 적어도 하나의 JAR가 TLD들을 찾기 위해 스캔되었으나 아무 것도 찾지 못했습니다. 스캔했으나 TLD가 없는 JAR들의 전체 목록을 보시려면, 로그 레벨을 디버그 레벨로 설정하십시오. 스캔 과정에서 불필요한 JAR들을 건너뛰면, 시스템 시작 시간과 JSP 컴파일 시간을 단축시킬 수 있습니다.
03-Jun-2024 14:37:12.817 정보 [main] org.apache.catalina.startup.HostConfig.deployDirectory 웹 애플리케이션 디렉토리 [/opt/tomcat/webapps/manager]에 대한 배치가 [256] 밀리초에 완료되었습니다.
03-Jun-2024 14:37:12.817 정보 [main] org.apache.catalina.startup.HostConfig.deployDirectory 웹 애플리케이션 디렉토리 [/opt/tomcat/webapps/demo]을(를) 배치합니다.
03-Jun-2024 14:37:13.211 정보 [main] org.apache.jasper.servlet.TldScanner.scanJars 적어도 하나의 JAR가 TLD들을 찾기 위해 스캔되었으나 아무 것도 찾지 못했습니다. 스캔했으나 TLD가 없는 JAR들의 전체 목록을 보시려면, 로그 레벨을 디버그 레벨로 설정하십시오. 스캔 과정에서 불필요한 JAR들을 건너뛰면, 시스템 시작 시간과 JSP 컴파일 시간을 단축시킬 수 있습니다.
03-Jun-2024 14:37:13.221 정보 [main] org.apache.catalina.startup.HostConfig.deployDirectory 웹 애플리케이션 디렉토리 [/opt/tomcat/webapps/demo]에 대한 배치가 [403] 밀리초에 완료되었습니다.
03-Jun-2024 14:37:13.227 정보 [main] org.apache.coyote.AbstractProtocol.start 프로토콜 핸들러 ["http-nio-8080"]을(를) 시작합니다.
03-Jun-2024 14:37:13.311 정보 [main] org.apache.catalina.startup.Catalina.start 서버가 [5828] 밀리초 내에 시작되었습니다.
